This file contains any messages produced by compilers while
running configure, to aid debugging if configure makes a mistake.

It was created by MistServer configure 1.1.2, which was
generated by GNU Autoconf 2.69.  Invocation command line was

  $ ./configure 

## --------- ##
## Platform. ##
## --------- ##

hostname = winter.CS.Princeton.EDU
uname -m = x86_64
uname -r = 3.8.8-203.fc18.x86_64
uname -s = Linux
uname -v = #1 SMP Wed Apr 24 13:12:26 UTC 2013

/usr/bin/uname -p = x86_64
/bin/uname -X     = unknown

/bin/arch              = x86_64
/usr/bin/arch -k       = unknown
/usr/convex/getsysinfo = unknown
/usr/bin/hostinfo      = unknown
/bin/machine           = unknown
/usr/bin/oslevel       = unknown
/bin/universe          = unknown

PATH: /sbin
PATH: /bin
PATH: /usr/sbin
PATH: /usr/bin


## ----------- ##
## Core tests. ##
## ----------- ##

configure:2591: checking for a BSD-compatible install
configure:2659: result: /bin/install -c
configure:2670: checking whether build environment is sane
configure:2725: result: yes
configure:2876: checking for a thread-safe mkdir -p
configure:2915: result: /bin/mkdir -p
configure:2922: checking for gawk
configure:2938: found /bin/gawk
configure:2949: result: gawk
configure:2960: checking whether make sets $(MAKE)
configure:2982: result: yes
configure:3011: checking whether make supports nested variables
configure:3028: result: yes
configure:3136: checking build system type
configure:3150: result: x86_64-unknown-linux-gnu
configure:3170: checking host system type
configure:3183: result: x86_64-unknown-linux-gnu
configure:3224: checking how to print strings
configure:3251: result: printf
configure:3284: checking for style of include used by make
configure:3312: result: GNU
configure:3383: checking for gcc
configure:3399: found /bin/gcc
configure:3410: result: gcc
configure:3639: checking for C compiler version
configure:3648: gcc --version >&5
gcc (GCC) 4.7.2 20121109 (Red Hat 4.7.2-8)
Copyright (C) 2012 Free Software Foundation, Inc.
This is free software; see the source for copying conditions.  There is NO
warranty; not even for MERCHANTABILITY or FITNESS FOR A PARTICULAR PURPOSE.

configure:3659: $? = 0
configure:3648: gcc -v >&5
Using built-in specs.
COLLECT_GCC=gcc
COLLECT_LTO_WRAPPER=/usr/libexec/gcc/x86_64-redhat-linux/4.7.2/lto-wrapper
Target: x86_64-redhat-linux
Configured with: ../configure --prefix=/usr --mandir=/usr/share/man --infodir=/usr/share/info --with-bugurl=http://bugzilla.redhat.com/bugzilla --enable-bootstrap --enable-shared --enable-threads=posix --enable-checking=release --disable-build-with-cxx --disable-build-poststage1-with-cxx --with-system-zlib --enable-__cxa_atexit --disable-libunwind-exceptions --enable-gnu-unique-object --enable-linker-build-id --with-linker-hash-style=gnu --enable-languages=c,c++,objc,obj-c++,java,fortran,ada,go,lto --enable-plugin --enable-initfini-array --enable-java-awt=gtk --disable-dssi --with-java-home=/usr/lib/jvm/java-1.5.0-gcj-1.5.0.0/jre --enable-libgcj-multifile --enable-java-maintainer-mode --with-ecj-jar=/usr/share/java/eclipse-ecj.jar --disable-libjava-multilib --with-ppl --with-cloog --with-tune=generic --with-arch_32=i686 --build=x86_64-redhat-linux
Thread model: posix
gcc version 4.7.2 20121109 (Red Hat 4.7.2-8) (GCC) 
configure:3659: $? = 0
configure:3648: gcc -V >&5
gcc: error: unrecognized command line option '-V'
gcc: fatal error: no input files
compilation terminated.
configure:3659: $? = 4
configure:3648: gcc -qversion >&5
gcc: error: unrecognized command line option '-qversion'
gcc: fatal error: no input files
compilation terminated.
configure:3659: $? = 4
configure:3679: checking whether the C compiler works
configure:3701: gcc    conftest.c  >&5
configure:3705: $? = 0
configure:3753: result: yes
configure:3756: checking for C compiler default output file name
configure:3758: result: a.out
configure:3764: checking for suffix of executables
configure:3771: gcc -o conftest    conftest.c  >&5
configure:3775: $? = 0
configure:3797: result: 
configure:3819: checking whether we are cross compiling
configure:3827: gcc -o conftest    conftest.c  >&5
configure:3831: $? = 0
configure:3838: ./conftest
configure:3842: $? = 0
configure:3857: result: no
configure:3862: checking for suffix of object files
configure:3884: gcc -c   conftest.c >&5
configure:3888: $? = 0
configure:3909: result: o
configure:3913: checking whether we are using the GNU C compiler
configure:3932: gcc -c   conftest.c >&5
configure:3932: $? = 0
configure:3941: result: yes
configure:3950: checking whether gcc accepts -g
configure:3970: gcc -c -g  conftest.c >&5
configure:3970: $? = 0
configure:4011: result: yes
configure:4028: checking for gcc option to accept ISO C89
configure:4091: gcc  -c -g -O2  conftest.c >&5
configure:4091: $? = 0
configure:4104: result: none needed
configure:4126: checking dependency style of gcc
configure:4237: result: gcc3
configure:4252: checking for a sed that does not truncate output
configure:4316: result: /bin/sed
configure:4334: checking for grep that handles long lines and -e
configure:4392: result: /bin/grep
configure:4397: checking for egrep
configure:4459: result: /bin/grep -E
configure:4464: checking for fgrep
configure:4526: result: /bin/grep -F
configure:4561: checking for ld used by gcc
configure:4628: result: /bin/ld
configure:4635: checking if the linker (/bin/ld) is GNU ld
configure:4650: result: yes
configure:4662: checking for BSD- or MS-compatible name lister (nm)
configure:4711: result: /bin/nm -B
configure:4841: checking the name lister (/bin/nm -B) interface
configure:4848: gcc -c -g -O2  conftest.c >&5
configure:4851: /bin/nm -B "conftest.o"
configure:4854: output
0000000000000000 B some_variable
configure:4861: result: BSD nm
configure:4864: checking whether ln -s works
configure:4868: result: yes
configure:4876: checking the maximum length of command line arguments
configure:5006: result: 1572864
configure:5023: checking whether the shell understands some XSI constructs
configure:5033: result: yes
configure:5037: checking whether the shell understands "+="
configure:5043: result: yes
configure:5078: checking how to convert x86_64-unknown-linux-gnu file names to x86_64-unknown-linux-gnu format
configure:5118: result: func_convert_file_noop
configure:5125: checking how to convert x86_64-unknown-linux-gnu file names to toolchain format
configure:5145: result: func_convert_file_noop
configure:5152: checking for /bin/ld option to reload object files
configure:5159: result: -r
configure:5233: checking for objdump
configure:5249: found /bin/objdump
configure:5260: result: objdump
configure:5292: checking how to recognize dependent libraries
configure:5494: result: pass_all
configure:5579: checking for dlltool
configure:5609: result: no
configure:5639: checking how to associate runtime and link libraries
configure:5666: result: printf %s\n
configure:5727: checking for ar
configure:5743: found /bin/ar
configure:5754: result: ar
configure:5791: checking for archiver @FILE support
configure:5808: gcc -c -g -O2  conftest.c >&5
configure:5808: $? = 0
configure:5811: ar cru libconftest.a @conftest.lst >&5
configure:5814: $? = 0
configure:5819: ar cru libconftest.a @conftest.lst >&5
ar: conftest.o: No such file or directory
configure:5822: $? = 1
configure:5834: result: @
configure:5892: checking for strip
configure:5908: found /bin/strip
configure:5919: result: strip
configure:5991: checking for ranlib
configure:6007: found /bin/ranlib
configure:6018: result: ranlib
configure:6120: checking command to parse /bin/nm -B output from gcc object
configure:6240: gcc -c -g -O2  conftest.c >&5
configure:6243: $? = 0
configure:6247: /bin/nm -B conftest.o \| sed -n -e 's/^.*[ ]\([ABCDGIRSTW][ABCDGIRSTW]*\)[ ][ ]*\([_A-Za-z][_A-Za-z0-9]*\)$/\1 \2 \2/p' | sed '/ __gnu_lto/d' \> conftest.nm
configure:6250: $? = 0
configure:6316: gcc -o conftest -g -O2   conftest.c conftstm.o >&5
configure:6319: $? = 0
configure:6357: result: ok
configure:6394: checking for sysroot
configure:6424: result: no
configure:6501: gcc -c -g -O2  conftest.c >&5
configure:6504: $? = 0
configure:6680: checking for mt
configure:6710: result: no
configure:6730: checking if : is a manifest tool
configure:6736: : '-?'
configure:6744: result: no
configure:7386: checking how to run the C preprocessor
configure:7417: gcc -E  conftest.c
configure:7417: $? = 0
configure:7431: gcc -E  conftest.c
conftest.c:11:28: fatal error: ac_nonexistent.h: No such file or directory
compilation terminated.
configure:7431: $? = 1
configure: failed program was:
| /* confdefs.h */
| #define PACKAGE_NAME "MistServer"
| #define PACKAGE_TARNAME "mistserver"
| #define PACKAGE_VERSION "1.1.2"
| #define PACKAGE_STRING "MistServer 1.1.2"
| #define PACKAGE_BUGREPORT "contact@ddvtech.com"
| #define PACKAGE_URL ""
| #define PACKAGE "mistserver"
| #define VERSION "1.1.2"
| /* end confdefs.h.  */
| #include <ac_nonexistent.h>
configure:7456: result: gcc -E
configure:7476: gcc -E  conftest.c
configure:7476: $? = 0
configure:7490: gcc -E  conftest.c
conftest.c:11:28: fatal error: ac_nonexistent.h: No such file or directory
compilation terminated.
configure:7490: $? = 1
configure: failed program was:
| /* confdefs.h */
| #define PACKAGE_NAME "MistServer"
| #define PACKAGE_TARNAME "mistserver"
| #define PACKAGE_VERSION "1.1.2"
| #define PACKAGE_STRING "MistServer 1.1.2"
| #define PACKAGE_BUGREPORT "contact@ddvtech.com"
| #define PACKAGE_URL ""
| #define PACKAGE "mistserver"
| #define VERSION "1.1.2"
| /* end confdefs.h.  */
| #include <ac_nonexistent.h>
configure:7519: checking for ANSI C header files
configure:7539: gcc -c -g -O2  conftest.c >&5
configure:7539: $? = 0
configure:7612: gcc -o conftest -g -O2   conftest.c  >&5
configure:7612: $? = 0
configure:7612: ./conftest
configure:7612: $? = 0
configure:7623: result: yes
configure:7636: checking for sys/types.h
configure:7636: gcc -c -g -O2  conftest.c >&5
configure:7636: $? = 0
configure:7636: result: yes
configure:7636: checking for sys/stat.h
configure:7636: gcc -c -g -O2  conftest.c >&5
configure:7636: $? = 0
configure:7636: result: yes
configure:7636: checking for stdlib.h
configure:7636: gcc -c -g -O2  conftest.c >&5
configure:7636: $? = 0
configure:7636: result: yes
configure:7636: checking for string.h
configure:7636: gcc -c -g -O2  conftest.c >&5
configure:7636: $? = 0
configure:7636: result: yes
configure:7636: checking for memory.h
configure:7636: gcc -c -g -O2  conftest.c >&5
configure:7636: $? = 0
configure:7636: result: yes
configure:7636: checking for strings.h
configure:7636: gcc -c -g -O2  conftest.c >&5
configure:7636: $? = 0
configure:7636: result: yes
configure:7636: checking for inttypes.h
configure:7636: gcc -c -g -O2  conftest.c >&5
configure:7636: $? = 0
configure:7636: result: yes
configure:7636: checking for stdint.h
configure:7636: gcc -c -g -O2  conftest.c >&5
configure:7636: $? = 0
configure:7636: result: yes
configure:7636: checking for unistd.h
configure:7636: gcc -c -g -O2  conftest.c >&5
configure:7636: $? = 0
configure:7636: result: yes
configure:7650: checking for dlfcn.h
configure:7650: gcc -c -g -O2  conftest.c >&5
configure:7650: $? = 0
configure:7650: result: yes
configure:7856: checking for objdir
configure:7871: result: .libs
configure:8138: checking if gcc supports -fno-rtti -fno-exceptions
configure:8156: gcc -c -g -O2  -fno-rtti -fno-exceptions conftest.c >&5
cc1: warning: command line option '-fno-rtti' is valid for C++/ObjC++ but not for C [enabled by default]
configure:8160: $? = 0
configure:8173: result: no
configure:8500: checking for gcc option to produce PIC
configure:8507: result: -fPIC -DPIC
configure:8515: checking if gcc PIC flag -fPIC -DPIC works
configure:8533: gcc -c -g -O2  -fPIC -DPIC -DPIC conftest.c >&5
configure:8537: $? = 0
configure:8550: result: yes
configure:8579: checking if gcc static flag -static works
configure:8607: result: yes
configure:8622: checking if gcc supports -c -o file.o
configure:8643: gcc -c -g -O2  -o out/conftest2.o conftest.c >&5
configure:8647: $? = 0
configure:8669: result: yes
configure:8677: checking if gcc supports -c -o file.o
configure:8724: result: yes
configure:8757: checking whether the gcc linker (/bin/ld -m elf_x86_64) supports shared libraries
configure:9910: result: yes
configure:9947: checking whether -lc should be explicitly linked in
configure:9955: gcc -c -g -O2  conftest.c >&5
configure:9958: $? = 0
configure:9973: gcc -shared  -fPIC -DPIC conftest.o  -v -Wl,-soname -Wl,conftest -o conftest 2\>\&1 \| /bin/grep  -lc  \>/dev/null 2\>\&1
configure:9976: $? = 0
configure:9990: result: no
configure:10150: checking dynamic linker characteristics
configure:10661: gcc -o conftest -g -O2   -Wl,-rpath -Wl,/foo conftest.c  >&5
configure:10661: $? = 0
configure:10883: result: GNU/Linux ld.so
configure:10990: checking how to hardcode library paths into programs
configure:11015: result: immediate
configure:11555: checking whether stripping libraries is possible
configure:11560: result: yes
configure:11595: checking if libtool supports shared libraries
configure:11597: result: yes
configure:11600: checking whether to build shared libraries
configure:11621: result: yes
configure:11624: checking whether to build static libraries
configure:11628: result: yes
configure:11725: checking for g++
configure:11741: found /bin/g++
configure:11752: result: g++
configure:11779: checking for C++ compiler version
configure:11788: g++ --version >&5
g++ (GCC) 4.7.2 20121109 (Red Hat 4.7.2-8)
Copyright (C) 2012 Free Software Foundation, Inc.
This is free software; see the source for copying conditions.  There is NO
warranty; not even for MERCHANTABILITY or FITNESS FOR A PARTICULAR PURPOSE.

configure:11799: $? = 0
configure:11788: g++ -v >&5
Using built-in specs.
COLLECT_GCC=g++
COLLECT_LTO_WRAPPER=/usr/libexec/gcc/x86_64-redhat-linux/4.7.2/lto-wrapper
Target: x86_64-redhat-linux
Configured with: ../configure --prefix=/usr --mandir=/usr/share/man --infodir=/usr/share/info --with-bugurl=http://bugzilla.redhat.com/bugzilla --enable-bootstrap --enable-shared --enable-threads=posix --enable-checking=release --disable-build-with-cxx --disable-build-poststage1-with-cxx --with-system-zlib --enable-__cxa_atexit --disable-libunwind-exceptions --enable-gnu-unique-object --enable-linker-build-id --with-linker-hash-style=gnu --enable-languages=c,c++,objc,obj-c++,java,fortran,ada,go,lto --enable-plugin --enable-initfini-array --enable-java-awt=gtk --disable-dssi --with-java-home=/usr/lib/jvm/java-1.5.0-gcj-1.5.0.0/jre --enable-libgcj-multifile --enable-java-maintainer-mode --with-ecj-jar=/usr/share/java/eclipse-ecj.jar --disable-libjava-multilib --with-ppl --with-cloog --with-tune=generic --with-arch_32=i686 --build=x86_64-redhat-linux
Thread model: posix
gcc version 4.7.2 20121109 (Red Hat 4.7.2-8) (GCC) 
configure:11799: $? = 0
configure:11788: g++ -V >&5
g++: error: unrecognized command line option '-V'
g++: fatal error: no input files
compilation terminated.
configure:11799: $? = 4
configure:11788: g++ -qversion >&5
g++: error: unrecognized command line option '-qversion'
g++: fatal error: no input files
compilation terminated.
configure:11799: $? = 4
configure:11803: checking whether we are using the GNU C++ compiler
configure:11822: g++ -c   conftest.cpp >&5
configure:11822: $? = 0
configure:11831: result: yes
configure:11840: checking whether g++ accepts -g
configure:11860: g++ -c -g  conftest.cpp >&5
configure:11860: $? = 0
configure:11901: result: yes
configure:11926: checking dependency style of g++
configure:12037: result: gcc3
configure:12070: checking how to run the C++ preprocessor
configure:12097: g++ -E  conftest.cpp
configure:12097: $? = 0
configure:12111: g++ -E  conftest.cpp
conftest.cpp:23:28: fatal error: ac_nonexistent.h: No such file or directory
compilation terminated.
configure:12111: $? = 1
configure: failed program was:
| /* confdefs.h */
| #define PACKAGE_NAME "MistServer"
| #define PACKAGE_TARNAME "mistserver"
| #define PACKAGE_VERSION "1.1.2"
| #define PACKAGE_STRING "MistServer 1.1.2"
| #define PACKAGE_BUGREPORT "contact@ddvtech.com"
| #define PACKAGE_URL ""
| #define PACKAGE "mistserver"
| #define VERSION "1.1.2"
| #define STDC_HEADERS 1
| #define HAVE_SYS_TYPES_H 1
| #define HAVE_SYS_STAT_H 1
| #define HAVE_STDLIB_H 1
| #define HAVE_STRING_H 1
| #define HAVE_MEMORY_H 1
| #define HAVE_STRINGS_H 1
| #define HAVE_INTTYPES_H 1
| #define HAVE_STDINT_H 1
| #define HAVE_UNISTD_H 1
| #define HAVE_DLFCN_H 1
| #define LT_OBJDIR ".libs/"
| /* end confdefs.h.  */
| #include <ac_nonexistent.h>
configure:12136: result: g++ -E
configure:12156: g++ -E  conftest.cpp
configure:12156: $? = 0
configure:12170: g++ -E  conftest.cpp
conftest.cpp:23:28: fatal error: ac_nonexistent.h: No such file or directory
compilation terminated.
configure:12170: $? = 1
configure: failed program was:
| /* confdefs.h */
| #define PACKAGE_NAME "MistServer"
| #define PACKAGE_TARNAME "mistserver"
| #define PACKAGE_VERSION "1.1.2"
| #define PACKAGE_STRING "MistServer 1.1.2"
| #define PACKAGE_BUGREPORT "contact@ddvtech.com"
| #define PACKAGE_URL ""
| #define PACKAGE "mistserver"
| #define VERSION "1.1.2"
| #define STDC_HEADERS 1
| #define HAVE_SYS_TYPES_H 1
| #define HAVE_SYS_STAT_H 1
| #define HAVE_STDLIB_H 1
| #define HAVE_STRING_H 1
| #define HAVE_MEMORY_H 1
| #define HAVE_STRINGS_H 1
| #define HAVE_INTTYPES_H 1
| #define HAVE_STDINT_H 1
| #define HAVE_UNISTD_H 1
| #define HAVE_DLFCN_H 1
| #define LT_OBJDIR ".libs/"
| /* end confdefs.h.  */
| #include <ac_nonexistent.h>
configure:12339: checking for ld used by g++
configure:12406: result: /bin/ld -m elf_x86_64
configure:12413: checking if the linker (/bin/ld -m elf_x86_64) is GNU ld
configure:12428: result: yes
configure:12483: checking whether the g++ linker (/bin/ld -m elf_x86_64) supports shared libraries
configure:13488: result: yes
configure:13524: g++ -c -g -O2  conftest.cpp >&5
configure:13527: $? = 0
configure:14047: checking for g++ option to produce PIC
configure:14054: result: -fPIC -DPIC
configure:14062: checking if g++ PIC flag -fPIC -DPIC works
configure:14080: g++ -c -g -O2  -fPIC -DPIC -DPIC conftest.cpp >&5
configure:14084: $? = 0
configure:14097: result: yes
configure:14120: checking if g++ static flag -static works
configure:14148: result: yes
configure:14160: checking if g++ supports -c -o file.o
configure:14181: g++ -c -g -O2  -o out/conftest2.o conftest.cpp >&5
configure:14185: $? = 0
configure:14207: result: yes
configure:14212: checking if g++ supports -c -o file.o
configure:14259: result: yes
configure:14289: checking whether the g++ linker (/bin/ld -m elf_x86_64) supports shared libraries
configure:14325: result: yes
configure:14466: checking dynamic linker characteristics
configure:15133: result: GNU/Linux ld.so
configure:15186: checking how to hardcode library paths into programs
configure:15211: result: immediate
configure:15299: checking for gcc
configure:15326: result: gcc
configure:15555: checking for C compiler version
configure:15564: gcc --version >&5
gcc (GCC) 4.7.2 20121109 (Red Hat 4.7.2-8)
Copyright (C) 2012 Free Software Foundation, Inc.
This is free software; see the source for copying conditions.  There is NO
warranty; not even for MERCHANTABILITY or FITNESS FOR A PARTICULAR PURPOSE.

configure:15575: $? = 0
configure:15564: gcc -v >&5
Using built-in specs.
COLLECT_GCC=gcc
COLLECT_LTO_WRAPPER=/usr/libexec/gcc/x86_64-redhat-linux/4.7.2/lto-wrapper
Target: x86_64-redhat-linux
Configured with: ../configure --prefix=/usr --mandir=/usr/share/man --infodir=/usr/share/info --with-bugurl=http://bugzilla.redhat.com/bugzilla --enable-bootstrap --enable-shared --enable-threads=posix --enable-checking=release --disable-build-with-cxx --disable-build-poststage1-with-cxx --with-system-zlib --enable-__cxa_atexit --disable-libunwind-exceptions --enable-gnu-unique-object --enable-linker-build-id --with-linker-hash-style=gnu --enable-languages=c,c++,objc,obj-c++,java,fortran,ada,go,lto --enable-plugin --enable-initfini-array --enable-java-awt=gtk --disable-dssi --with-java-home=/usr/lib/jvm/java-1.5.0-gcj-1.5.0.0/jre --enable-libgcj-multifile --enable-java-maintainer-mode --with-ecj-jar=/usr/share/java/eclipse-ecj.jar --disable-libjava-multilib --with-ppl --with-cloog --with-tune=generic --with-arch_32=i686 --build=x86_64-redhat-linux
Thread model: posix
gcc version 4.7.2 20121109 (Red Hat 4.7.2-8) (GCC) 
configure:15575: $? = 0
configure:15564: gcc -V >&5
gcc: error: unrecognized command line option '-V'
gcc: fatal error: no input files
compilation terminated.
configure:15575: $? = 4
configure:15564: gcc -qversion >&5
gcc: error: unrecognized command line option '-qversion'
gcc: fatal error: no input files
compilation terminated.
configure:15575: $? = 4
configure:15579: checking whether we are using the GNU C compiler
configure:15607: result: yes
configure:15616: checking whether gcc accepts -g
configure:15677: result: yes
configure:15694: checking for gcc option to accept ISO C89
configure:15770: result: none needed
configure:15792: checking dependency style of gcc
configure:15903: result: gcc3
configure:15977: checking for pkg-config
configure:15995: found /bin/pkg-config
configure:16007: result: /bin/pkg-config
configure:16032: checking pkg-config is at least version 0.9.0
configure:16035: result: yes
configure:16045: checking for MIST
configure:16052: $PKG_CONFIG --exists --print-errors "mist-1.0 >= 5.1.2"
configure:16055: $? = 0
configure:16069: $PKG_CONFIG --exists --print-errors "mist-1.0 >= 5.1.2"
configure:16072: $? = 0
configure:16130: result: yes
configure:16139: checking arpa/inet.h usability
configure:16139: gcc -c -g -O2  conftest.c >&5
configure:16139: $? = 0
configure:16139: result: yes
configure:16139: checking arpa/inet.h presence
configure:16139: gcc -E  conftest.c
configure:16139: $? = 0
configure:16139: result: yes
configure:16139: checking for arpa/inet.h
configure:16139: result: yes
configure:16139: checking fcntl.h usability
configure:16139: gcc -c -g -O2  conftest.c >&5
configure:16139: $? = 0
configure:16139: result: yes
configure:16139: checking fcntl.h presence
configure:16139: gcc -E  conftest.c
configure:16139: $? = 0
configure:16139: result: yes
configure:16139: checking for fcntl.h
configure:16139: result: yes
configure:16139: checking netdb.h usability
configure:16139: gcc -c -g -O2  conftest.c >&5
configure:16139: $? = 0
configure:16139: result: yes
configure:16139: checking netdb.h presence
configure:16139: gcc -E  conftest.c
configure:16139: $? = 0
configure:16139: result: yes
configure:16139: checking for netdb.h
configure:16139: result: yes
configure:16139: checking netinet/in.h usability
configure:16139: gcc -c -g -O2  conftest.c >&5
configure:16139: $? = 0
configure:16139: result: yes
configure:16139: checking netinet/in.h presence
configure:16139: gcc -E  conftest.c
configure:16139: $? = 0
configure:16139: result: yes
configure:16139: checking for netinet/in.h
configure:16139: result: yes
configure:16139: checking for stdint.h
configure:16139: result: yes
configure:16139: checking for stdlib.h
configure:16139: result: yes
configure:16139: checking for string.h
configure:16139: result: yes
configure:16139: checking sys/socket.h usability
configure:16139: gcc -c -g -O2  conftest.c >&5
configure:16139: $? = 0
configure:16139: result: yes
configure:16139: checking sys/socket.h presence
configure:16139: gcc -E  conftest.c
configure:16139: $? = 0
configure:16139: result: yes
configure:16139: checking for sys/socket.h
configure:16139: result: yes
configure:16139: checking sys/time.h usability
configure:16139: gcc -c -g -O2  conftest.c >&5
configure:16139: $? = 0
configure:16139: result: yes
configure:16139: checking sys/time.h presence
configure:16139: gcc -E  conftest.c
configure:16139: $? = 0
configure:16139: result: yes
configure:16139: checking for sys/time.h
configure:16139: result: yes
configure:16139: checking for unistd.h
configure:16139: result: yes
configure:16152: checking for stdbool.h that conforms to C99
configure:16219: gcc -c -g -O2  conftest.c >&5
configure:16219: $? = 0
configure:16226: result: yes
configure:16228: checking for _Bool
configure:16228: gcc -c -g -O2  conftest.c >&5
configure:16228: $? = 0
configure:16228: gcc -c -g -O2  conftest.c >&5
conftest.c: In function 'main':
conftest.c:70:20: error: expected expression before ')' token
configure:16228: $? = 1
configure: failed program was:
| /* confdefs.h */
| #define PACKAGE_NAME "MistServer"
| #define PACKAGE_TARNAME "mistserver"
| #define PACKAGE_VERSION "1.1.2"
| #define PACKAGE_STRING "MistServer 1.1.2"
| #define PACKAGE_BUGREPORT "contact@ddvtech.com"
| #define PACKAGE_URL ""
| #define PACKAGE "mistserver"
| #define VERSION "1.1.2"
| #define STDC_HEADERS 1
| #define HAVE_SYS_TYPES_H 1
| #define HAVE_SYS_STAT_H 1
| #define HAVE_STDLIB_H 1
| #define HAVE_STRING_H 1
| #define HAVE_MEMORY_H 1
| #define HAVE_STRINGS_H 1
| #define HAVE_INTTYPES_H 1
| #define HAVE_STDINT_H 1
| #define HAVE_UNISTD_H 1
| #define HAVE_DLFCN_H 1
| #define LT_OBJDIR ".libs/"
| #define _GNU_SOURCE 1
| #define HAVE_ARPA_INET_H 1
| #define HAVE_FCNTL_H 1
| #define HAVE_NETDB_H 1
| #define HAVE_NETINET_IN_H 1
| #define HAVE_STDINT_H 1
| #define HAVE_STDLIB_H 1
| #define HAVE_STRING_H 1
| #define HAVE_SYS_SOCKET_H 1
| #define HAVE_SYS_TIME_H 1
| #define HAVE_UNISTD_H 1
| /* end confdefs.h.  */
| #include <stdio.h>
| #ifdef HAVE_SYS_TYPES_H
| # include <sys/types.h>
| #endif
| #ifdef HAVE_SYS_STAT_H
| # include <sys/stat.h>
| #endif
| #ifdef STDC_HEADERS
| # include <stdlib.h>
| # include <stddef.h>
| #else
| # ifdef HAVE_STDLIB_H
| #  include <stdlib.h>
| # endif
| #endif
| #ifdef HAVE_STRING_H
| # if !defined STDC_HEADERS && defined HAVE_MEMORY_H
| #  include <memory.h>
| # endif
| # include <string.h>
| #endif
| #ifdef HAVE_STRINGS_H
| # include <strings.h>
| #endif
| #ifdef HAVE_INTTYPES_H
| # include <inttypes.h>
| #endif
| #ifdef HAVE_STDINT_H
| # include <stdint.h>
| #endif
| #ifdef HAVE_UNISTD_H
| # include <unistd.h>
| #endif
| int
| main ()
| {
| if (sizeof ((_Bool)))
| 	    return 0;
|   ;
|   return 0;
| }
configure:16228: result: yes
configure:16245: checking for inline
configure:16261: gcc -c -g -O2  conftest.c >&5
configure:16261: $? = 0
configure:16269: result: inline
configure:16287: checking for int32_t
configure:16287: gcc -c -g -O2  conftest.c >&5
configure:16287: $? = 0
configure:16287: gcc -c -g -O2  conftest.c >&5
conftest.c: In function 'main':
conftest.c:74:53: warning: integer overflow in expression [-Woverflow]
conftest.c:73:12: error: storage size of 'test_array' isn't constant
configure:16287: $? = 1
configure: failed program was:
| /* confdefs.h */
| #define PACKAGE_NAME "MistServer"
| #define PACKAGE_TARNAME "mistserver"
| #define PACKAGE_VERSION "1.1.2"
| #define PACKAGE_STRING "MistServer 1.1.2"
| #define PACKAGE_BUGREPORT "contact@ddvtech.com"
| #define PACKAGE_URL ""
| #define PACKAGE "mistserver"
| #define VERSION "1.1.2"
| #define STDC_HEADERS 1
| #define HAVE_SYS_TYPES_H 1
| #define HAVE_SYS_STAT_H 1
| #define HAVE_STDLIB_H 1
| #define HAVE_STRING_H 1
| #define HAVE_MEMORY_H 1
| #define HAVE_STRINGS_H 1
| #define HAVE_INTTYPES_H 1
| #define HAVE_STDINT_H 1
| #define HAVE_UNISTD_H 1
| #define HAVE_DLFCN_H 1
| #define LT_OBJDIR ".libs/"
| #define _GNU_SOURCE 1
| #define HAVE_ARPA_INET_H 1
| #define HAVE_FCNTL_H 1
| #define HAVE_NETDB_H 1
| #define HAVE_NETINET_IN_H 1
| #define HAVE_STDINT_H 1
| #define HAVE_STDLIB_H 1
| #define HAVE_STRING_H 1
| #define HAVE_SYS_SOCKET_H 1
| #define HAVE_SYS_TIME_H 1
| #define HAVE_UNISTD_H 1
| #define HAVE__BOOL 1
| #define HAVE_STDBOOL_H 1
| /* end confdefs.h.  */
| #include <stdio.h>
| #ifdef HAVE_SYS_TYPES_H
| # include <sys/types.h>
| #endif
| #ifdef HAVE_SYS_STAT_H
| # include <sys/stat.h>
| #endif
| #ifdef STDC_HEADERS
| # include <stdlib.h>
| # include <stddef.h>
| #else
| # ifdef HAVE_STDLIB_H
| #  include <stdlib.h>
| # endif
| #endif
| #ifdef HAVE_STRING_H
| # if !defined STDC_HEADERS && defined HAVE_MEMORY_H
| #  include <memory.h>
| # endif
| # include <string.h>
| #endif
| #ifdef HAVE_STRINGS_H
| # include <strings.h>
| #endif
| #ifdef HAVE_INTTYPES_H
| # include <inttypes.h>
| #endif
| #ifdef HAVE_STDINT_H
| # include <stdint.h>
| #endif
| #ifdef HAVE_UNISTD_H
| # include <unistd.h>
| #endif
| 	        enum { N = 32 / 2 - 1 };
| int
| main ()
| {
| static int test_array [1 - 2 * !((int32_t) (((((int32_t) 1 << N) << N) - 1) * 2 + 1)
| 		 < (int32_t) (((((int32_t) 1 << N) << N) - 1) * 2 + 2))];
| test_array [0] = 0;
| return test_array [0];
| 
|   ;
|   return 0;
| }
configure:16287: result: yes
configure:16298: checking for pid_t
configure:16298: gcc -c -g -O2  conftest.c >&5
configure:16298: $? = 0
configure:16298: gcc -c -g -O2  conftest.c >&5
conftest.c: In function 'main':
conftest.c:72:20: error: expected expression before ')' token
configure:16298: $? = 1
configure: failed program was:
| /* confdefs.h */
| #define PACKAGE_NAME "MistServer"
| #define PACKAGE_TARNAME "mistserver"
| #define PACKAGE_VERSION "1.1.2"
| #define PACKAGE_STRING "MistServer 1.1.2"
| #define PACKAGE_BUGREPORT "contact@ddvtech.com"
| #define PACKAGE_URL ""
| #define PACKAGE "mistserver"
| #define VERSION "1.1.2"
| #define STDC_HEADERS 1
| #define HAVE_SYS_TYPES_H 1
| #define HAVE_SYS_STAT_H 1
| #define HAVE_STDLIB_H 1
| #define HAVE_STRING_H 1
| #define HAVE_MEMORY_H 1
| #define HAVE_STRINGS_H 1
| #define HAVE_INTTYPES_H 1
| #define HAVE_STDINT_H 1
| #define HAVE_UNISTD_H 1
| #define HAVE_DLFCN_H 1
| #define LT_OBJDIR ".libs/"
| #define _GNU_SOURCE 1
| #define HAVE_ARPA_INET_H 1
| #define HAVE_FCNTL_H 1
| #define HAVE_NETDB_H 1
| #define HAVE_NETINET_IN_H 1
| #define HAVE_STDINT_H 1
| #define HAVE_STDLIB_H 1
| #define HAVE_STRING_H 1
| #define HAVE_SYS_SOCKET_H 1
| #define HAVE_SYS_TIME_H 1
| #define HAVE_UNISTD_H 1
| #define HAVE__BOOL 1
| #define HAVE_STDBOOL_H 1
| /* end confdefs.h.  */
| #include <stdio.h>
| #ifdef HAVE_SYS_TYPES_H
| # include <sys/types.h>
| #endif
| #ifdef HAVE_SYS_STAT_H
| # include <sys/stat.h>
| #endif
| #ifdef STDC_HEADERS
| # include <stdlib.h>
| # include <stddef.h>
| #else
| # ifdef HAVE_STDLIB_H
| #  include <stdlib.h>
| # endif
| #endif
| #ifdef HAVE_STRING_H
| # if !defined STDC_HEADERS && defined HAVE_MEMORY_H
| #  include <memory.h>
| # endif
| # include <string.h>
| #endif
| #ifdef HAVE_STRINGS_H
| # include <strings.h>
| #endif
| #ifdef HAVE_INTTYPES_H
| # include <inttypes.h>
| #endif
| #ifdef HAVE_STDINT_H
| # include <stdint.h>
| #endif
| #ifdef HAVE_UNISTD_H
| # include <unistd.h>
| #endif
| int
| main ()
| {
| if (sizeof ((pid_t)))
| 	    return 0;
|   ;
|   return 0;
| }
configure:16298: result: yes
configure:16309: checking for size_t
configure:16309: gcc -c -g -O2  conftest.c >&5
configure:16309: $? = 0
configure:16309: gcc -c -g -O2  conftest.c >&5
conftest.c: In function 'main':
conftest.c:72:21: error: expected expression before ')' token
configure:16309: $? = 1
configure: failed program was:
| /* confdefs.h */
| #define PACKAGE_NAME "MistServer"
| #define PACKAGE_TARNAME "mistserver"
| #define PACKAGE_VERSION "1.1.2"
| #define PACKAGE_STRING "MistServer 1.1.2"
| #define PACKAGE_BUGREPORT "contact@ddvtech.com"
| #define PACKAGE_URL ""
| #define PACKAGE "mistserver"
| #define VERSION "1.1.2"
| #define STDC_HEADERS 1
| #define HAVE_SYS_TYPES_H 1
| #define HAVE_SYS_STAT_H 1
| #define HAVE_STDLIB_H 1
| #define HAVE_STRING_H 1
| #define HAVE_MEMORY_H 1
| #define HAVE_STRINGS_H 1
| #define HAVE_INTTYPES_H 1
| #define HAVE_STDINT_H 1
| #define HAVE_UNISTD_H 1
| #define HAVE_DLFCN_H 1
| #define LT_OBJDIR ".libs/"
| #define _GNU_SOURCE 1
| #define HAVE_ARPA_INET_H 1
| #define HAVE_FCNTL_H 1
| #define HAVE_NETDB_H 1
| #define HAVE_NETINET_IN_H 1
| #define HAVE_STDINT_H 1
| #define HAVE_STDLIB_H 1
| #define HAVE_STRING_H 1
| #define HAVE_SYS_SOCKET_H 1
| #define HAVE_SYS_TIME_H 1
| #define HAVE_UNISTD_H 1
| #define HAVE__BOOL 1
| #define HAVE_STDBOOL_H 1
| /* end confdefs.h.  */
| #include <stdio.h>
| #ifdef HAVE_SYS_TYPES_H
| # include <sys/types.h>
| #endif
| #ifdef HAVE_SYS_STAT_H
| # include <sys/stat.h>
| #endif
| #ifdef STDC_HEADERS
| # include <stdlib.h>
| # include <stddef.h>
| #else
| # ifdef HAVE_STDLIB_H
| #  include <stdlib.h>
| # endif
| #endif
| #ifdef HAVE_STRING_H
| # if !defined STDC_HEADERS && defined HAVE_MEMORY_H
| #  include <memory.h>
| # endif
| # include <string.h>
| #endif
| #ifdef HAVE_STRINGS_H
| # include <strings.h>
| #endif
| #ifdef HAVE_INTTYPES_H
| # include <inttypes.h>
| #endif
| #ifdef HAVE_STDINT_H
| # include <stdint.h>
| #endif
| #ifdef HAVE_UNISTD_H
| # include <unistd.h>
| #endif
| int
| main ()
| {
| if (sizeof ((size_t)))
| 	    return 0;
|   ;
|   return 0;
| }
configure:16309: result: yes
configure:16320: checking for uint32_t
configure:16320: gcc -c -g -O2  conftest.c >&5
configure:16320: $? = 0
configure:16320: result: yes
configure:16334: checking for uint64_t
configure:16334: gcc -c -g -O2  conftest.c >&5
configure:16334: $? = 0
configure:16334: result: yes
configure:16348: checking for uint8_t
configure:16348: gcc -c -g -O2  conftest.c >&5
configure:16348: $? = 0
configure:16348: result: yes
configure:16366: checking vfork.h usability
configure:16366: gcc -c -g -O2  conftest.c >&5
conftest.c:69:19: fatal error: vfork.h: No such file or directory
compilation terminated.
configure:16366: $? = 1
configure: failed program was:
| /* confdefs.h */
| #define PACKAGE_NAME "MistServer"
| #define PACKAGE_TARNAME "mistserver"
| #define PACKAGE_VERSION "1.1.2"
| #define PACKAGE_STRING "MistServer 1.1.2"
| #define PACKAGE_BUGREPORT "contact@ddvtech.com"
| #define PACKAGE_URL ""
| #define PACKAGE "mistserver"
| #define VERSION "1.1.2"
| #define STDC_HEADERS 1
| #define HAVE_SYS_TYPES_H 1
| #define HAVE_SYS_STAT_H 1
| #define HAVE_STDLIB_H 1
| #define HAVE_STRING_H 1
| #define HAVE_MEMORY_H 1
| #define HAVE_STRINGS_H 1
| #define HAVE_INTTYPES_H 1
| #define HAVE_STDINT_H 1
| #define HAVE_UNISTD_H 1
| #define HAVE_DLFCN_H 1
| #define LT_OBJDIR ".libs/"
| #define _GNU_SOURCE 1
| #define HAVE_ARPA_INET_H 1
| #define HAVE_FCNTL_H 1
| #define HAVE_NETDB_H 1
| #define HAVE_NETINET_IN_H 1
| #define HAVE_STDINT_H 1
| #define HAVE_STDLIB_H 1
| #define HAVE_STRING_H 1
| #define HAVE_SYS_SOCKET_H 1
| #define HAVE_SYS_TIME_H 1
| #define HAVE_UNISTD_H 1
| #define HAVE__BOOL 1
| #define HAVE_STDBOOL_H 1
| /* end confdefs.h.  */
| #include <stdio.h>
| #ifdef HAVE_SYS_TYPES_H
| # include <sys/types.h>
| #endif
| #ifdef HAVE_SYS_STAT_H
| # include <sys/stat.h>
| #endif
| #ifdef STDC_HEADERS
| # include <stdlib.h>
| # include <stddef.h>
| #else
| # ifdef HAVE_STDLIB_H
| #  include <stdlib.h>
| # endif
| #endif
| #ifdef HAVE_STRING_H
| # if !defined STDC_HEADERS && defined HAVE_MEMORY_H
| #  include <memory.h>
| # endif
| # include <string.h>
| #endif
| #ifdef HAVE_STRINGS_H
| # include <strings.h>
| #endif
| #ifdef HAVE_INTTYPES_H
| # include <inttypes.h>
| #endif
| #ifdef HAVE_STDINT_H
| # include <stdint.h>
| #endif
| #ifdef HAVE_UNISTD_H
| # include <unistd.h>
| #endif
| #include <vfork.h>
configure:16366: result: no
configure:16366: checking vfork.h presence
configure:16366: gcc -E  conftest.c
conftest.c:36:19: fatal error: vfork.h: No such file or directory
compilation terminated.
configure:16366: $? = 1
configure: failed program was:
| /* confdefs.h */
| #define PACKAGE_NAME "MistServer"
| #define PACKAGE_TARNAME "mistserver"
| #define PACKAGE_VERSION "1.1.2"
| #define PACKAGE_STRING "MistServer 1.1.2"
| #define PACKAGE_BUGREPORT "contact@ddvtech.com"
| #define PACKAGE_URL ""
| #define PACKAGE "mistserver"
| #define VERSION "1.1.2"
| #define STDC_HEADERS 1
| #define HAVE_SYS_TYPES_H 1
| #define HAVE_SYS_STAT_H 1
| #define HAVE_STDLIB_H 1
| #define HAVE_STRING_H 1
| #define HAVE_MEMORY_H 1
| #define HAVE_STRINGS_H 1
| #define HAVE_INTTYPES_H 1
| #define HAVE_STDINT_H 1
| #define HAVE_UNISTD_H 1
| #define HAVE_DLFCN_H 1
| #define LT_OBJDIR ".libs/"
| #define _GNU_SOURCE 1
| #define HAVE_ARPA_INET_H 1
| #define HAVE_FCNTL_H 1
| #define HAVE_NETDB_H 1
| #define HAVE_NETINET_IN_H 1
| #define HAVE_STDINT_H 1
| #define HAVE_STDLIB_H 1
| #define HAVE_STRING_H 1
| #define HAVE_SYS_SOCKET_H 1
| #define HAVE_SYS_TIME_H 1
| #define HAVE_UNISTD_H 1
| #define HAVE__BOOL 1
| #define HAVE_STDBOOL_H 1
| /* end confdefs.h.  */
| #include <vfork.h>
configure:16366: result: no
configure:16366: checking for vfork.h
configure:16366: result: no
configure:16379: checking for fork
configure:16379: gcc -o conftest -g -O2   conftest.c  >&5
conftest.c:59:6: warning: conflicting types for built-in function 'fork' [enabled by default]
configure:16379: $? = 0
configure:16379: result: yes
configure:16379: checking for vfork
configure:16379: gcc -o conftest -g -O2   conftest.c  >&5
configure:16379: $? = 0
configure:16379: result: yes
configure:16389: checking for working fork
configure:16411: gcc -o conftest -g -O2   conftest.c  >&5
configure:16411: $? = 0
configure:16411: ./conftest
configure:16411: $? = 0
configure:16421: result: yes
configure:16442: checking for working vfork
configure:16552: result: yes
configure:16579: checking for stdlib.h
configure:16579: result: yes
configure:16589: checking for GNU libc compatible malloc
configure:16613: gcc -o conftest -g -O2   conftest.c  >&5
configure:16613: $? = 0
configure:16613: ./conftest
configure:16613: $? = 0
configure:16623: result: yes
configure:16646: checking for stdlib.h
configure:16646: result: yes
configure:16656: checking for GNU libc compatible realloc
configure:16680: gcc -o conftest -g -O2   conftest.c  >&5
configure:16680: $? = 0
configure:16680: ./conftest
configure:16680: $? = 0
configure:16690: result: yes
configure:16714: checking for dup2
configure:16714: gcc -o conftest -g -O2   conftest.c  >&5
configure:16714: $? = 0
configure:16714: result: yes
configure:16714: checking for gettimeofday
configure:16714: gcc -o conftest -g -O2   conftest.c  >&5
configure:16714: $? = 0
configure:16714: result: yes
configure:16714: checking for memset
configure:16714: gcc -o conftest -g -O2   conftest.c  >&5
conftest.c:69:6: warning: conflicting types for built-in function 'memset' [enabled by default]
configure:16714: $? = 0
configure:16714: result: yes
configure:16714: checking for mkdir
configure:16714: gcc -o conftest -g -O2   conftest.c  >&5
configure:16714: $? = 0
configure:16714: result: yes
configure:16714: checking for socket
configure:16714: gcc -o conftest -g -O2   conftest.c  >&5
configure:16714: $? = 0
configure:16714: result: yes
configure:16714: checking for strerror
configure:16714: gcc -o conftest -g -O2   conftest.c  >&5
configure:16714: $? = 0
configure:16714: result: yes
configure:16882: checking that generated files are newer than configure
configure:16888: result: done
configure:16919: creating ./config.status

## ---------------------- ##
## Running config.status. ##
## ---------------------- ##

This file was extended by MistServer config.status 1.1.2, which was
generated by GNU Autoconf 2.69.  Invocation command line was

  CONFIG_FILES    = 
  CONFIG_HEADERS  = 
  CONFIG_LINKS    = 
  CONFIG_COMMANDS = 
  $ ./config.status 

on winter.CS.Princeton.EDU

config.status:1076: creating Makefile
config.status:1076: creating src/Makefile
config.status:1248: executing depfiles commands
config.status:1248: executing libtool commands

## ---------------- ##
## Cache variables. ##
## ---------------- ##

ac_cv_build=x86_64-unknown-linux-gnu
ac_cv_c_compiler_gnu=yes
ac_cv_c_inline=inline
ac_cv_c_int32_t=yes
ac_cv_c_uint32_t=yes
ac_cv_c_uint64_t=yes
ac_cv_c_uint8_t=yes
ac_cv_cxx_compiler_gnu=yes
ac_cv_env_CCC_set=
ac_cv_env_CCC_value=
ac_cv_env_CC_set=
ac_cv_env_CC_value=
ac_cv_env_CFLAGS_set=
ac_cv_env_CFLAGS_value=
ac_cv_env_CPPFLAGS_set=
ac_cv_env_CPPFLAGS_value=
ac_cv_env_CPP_set=
ac_cv_env_CPP_value=
ac_cv_env_CXXCPP_set=
ac_cv_env_CXXCPP_value=
ac_cv_env_CXXFLAGS_set=
ac_cv_env_CXXFLAGS_value=
ac_cv_env_CXX_set=
ac_cv_env_CXX_value=
ac_cv_env_LDFLAGS_set=
ac_cv_env_LDFLAGS_value=
ac_cv_env_LIBS_set=
ac_cv_env_LIBS_value=
ac_cv_env_MIST_CFLAGS_set=
ac_cv_env_MIST_CFLAGS_value=
ac_cv_env_MIST_LIBS_set=
ac_cv_env_MIST_LIBS_value=
ac_cv_env_PKG_CONFIG_LIBDIR_set=
ac_cv_env_PKG_CONFIG_LIBDIR_value=
ac_cv_env_PKG_CONFIG_PATH_set=set
ac_cv_env_PKG_CONFIG_PATH_value=/usr/local/lib/pkgconfig
ac_cv_env_PKG_CONFIG_set=
ac_cv_env_PKG_CONFIG_value=
ac_cv_env_build_alias_set=
ac_cv_env_build_alias_value=
ac_cv_env_host_alias_set=
ac_cv_env_host_alias_value=
ac_cv_env_target_alias_set=
ac_cv_env_target_alias_value=
ac_cv_func_dup2=yes
ac_cv_func_fork=yes
ac_cv_func_fork_works=yes
ac_cv_func_gettimeofday=yes
ac_cv_func_malloc_0_nonnull=yes
ac_cv_func_memset=yes
ac_cv_func_mkdir=yes
ac_cv_func_realloc_0_nonnull=yes
ac_cv_func_socket=yes
ac_cv_func_strerror=yes
ac_cv_func_vfork=yes
ac_cv_func_vfork_works=yes
ac_cv_header_arpa_inet_h=yes
ac_cv_header_dlfcn_h=yes
ac_cv_header_fcntl_h=yes
ac_cv_header_inttypes_h=yes
ac_cv_header_memory_h=yes
ac_cv_header_netdb_h=yes
ac_cv_header_netinet_in_h=yes
ac_cv_header_stdbool_h=yes
ac_cv_header_stdc=yes
ac_cv_header_stdint_h=yes
ac_cv_header_stdlib_h=yes
ac_cv_header_string_h=yes
ac_cv_header_strings_h=yes
ac_cv_header_sys_socket_h=yes
ac_cv_header_sys_stat_h=yes
ac_cv_header_sys_time_h=yes
ac_cv_header_sys_types_h=yes
ac_cv_header_unistd_h=yes
ac_cv_header_vfork_h=no
ac_cv_host=x86_64-unknown-linux-gnu
ac_cv_objext=o
ac_cv_path_EGREP='/bin/grep -E'
ac_cv_path_FGREP='/bin/grep -F'
ac_cv_path_GREP=/bin/grep
ac_cv_path_SED=/bin/sed
ac_cv_path_ac_pt_PKG_CONFIG=/bin/pkg-config
ac_cv_path_install='/bin/install -c'
ac_cv_path_mkdir=/bin/mkdir
ac_cv_prog_AWK=gawk
ac_cv_prog_CPP='gcc -E'
ac_cv_prog_CXXCPP='g++ -E'
ac_cv_prog_ac_ct_AR=ar
ac_cv_prog_ac_ct_CC=gcc
ac_cv_prog_ac_ct_CXX=g++
ac_cv_prog_ac_ct_OBJDUMP=objdump
ac_cv_prog_ac_ct_RANLIB=ranlib
ac_cv_prog_ac_ct_STRIP=strip
ac_cv_prog_cc_c89=
ac_cv_prog_cc_g=yes
ac_cv_prog_cxx_g=yes
ac_cv_prog_make_make_set=yes
ac_cv_type__Bool=yes
ac_cv_type_pid_t=yes
ac_cv_type_size_t=yes
am_cv_CC_dependencies_compiler_type=gcc3
am_cv_CXX_dependencies_compiler_type=gcc3
am_cv_make_support_nested_variables=yes
lt_cv_ar_at_file=@
lt_cv_archive_cmds_need_lc=no
lt_cv_deplibs_check_method=pass_all
lt_cv_file_magic_cmd='$MAGIC_CMD'
lt_cv_file_magic_test_file=
lt_cv_ld_reload_flag=-r
lt_cv_nm_interface='BSD nm'
lt_cv_objdir=.libs
lt_cv_path_LD=/bin/ld
lt_cv_path_LDCXX='/bin/ld -m elf_x86_64'
lt_cv_path_NM='/bin/nm -B'
lt_cv_path_mainfest_tool=no
lt_cv_prog_compiler_c_o=yes
lt_cv_prog_compiler_c_o_CXX=yes
lt_cv_prog_compiler_pic='-fPIC -DPIC'
lt_cv_prog_compiler_pic_CXX='-fPIC -DPIC'
lt_cv_prog_compiler_pic_works=yes
lt_cv_prog_compiler_pic_works_CXX=yes
lt_cv_prog_compiler_rtti_exceptions=no
lt_cv_prog_compiler_static_works=yes
lt_cv_prog_compiler_static_works_CXX=yes
lt_cv_prog_gnu_ld=yes
lt_cv_prog_gnu_ldcxx=yes
lt_cv_sharedlib_from_linklib_cmd='printf %s\n'
lt_cv_shlibpath_overrides_runpath=no
lt_cv_sys_global_symbol_pipe='sed -n -e '\''s/^.*[	 ]\([ABCDGIRSTW][ABCDGIRSTW]*\)[	 ][	 ]*\([_A-Za-z][_A-Za-z0-9]*\)$/\1 \2 \2/p'\'' | sed '\''/ __gnu_lto/d'\'''
lt_cv_sys_global_symbol_to_c_name_address='sed -n -e '\''s/^: \([^ ]*\)[ ]*$/  {\"\1\", (void *) 0},/p'\'' -e '\''s/^[ABCDGIRSTW]* \([^ ]*\) \([^ ]*\)$/  {"\2", (void *) \&\2},/p'\'''
lt_cv_sys_global_symbol_to_c_name_address_lib_prefix='sed -n -e '\''s/^: \([^ ]*\)[ ]*$/  {\"\1\", (void *) 0},/p'\'' -e '\''s/^[ABCDGIRSTW]* \([^ ]*\) \(lib[^ ]*\)$/  {"\2", (void *) \&\2},/p'\'' -e '\''s/^[ABCDGIRSTW]* \([^ ]*\) \([^ ]*\)$/  {"lib\2", (void *) \&\2},/p'\'''
lt_cv_sys_global_symbol_to_cdecl='sed -n -e '\''s/^T .* \(.*\)$/extern int \1();/p'\'' -e '\''s/^[ABCDGIRSTW]* .* \(.*\)$/extern char \1;/p'\'''
lt_cv_sys_max_cmd_len=1572864
lt_cv_to_host_file_cmd=func_convert_file_noop
lt_cv_to_tool_file_cmd=func_convert_file_noop
pkg_cv_MIST_CFLAGS='-I/usr/local/include/mist-1.0 -I/usr/local/lib/mist-1.0/include  '
pkg_cv_MIST_LIBS='-L/usr/local/lib -lmist-1.0  '

## ----------------- ##
## Output variables. ##
## ----------------- ##

ACLOCAL='${SHELL} /home/sharvanath/mistserver/mistserver-1.1.2/missing aclocal-1.13'
AMDEPBACKSLASH='\'
AMDEP_FALSE='#'
AMDEP_TRUE=''
AMTAR='$${TAR-tar}'
AM_BACKSLASH='\'
AM_DEFAULT_V='$(AM_DEFAULT_VERBOSITY)'
AM_DEFAULT_VERBOSITY='1'
AM_V='$(V)'
AR='ar'
AUTOCONF='${SHELL} /home/sharvanath/mistserver/mistserver-1.1.2/missing autoconf'
AUTOHEADER='${SHELL} /home/sharvanath/mistserver/mistserver-1.1.2/missing autoheader'
AUTOMAKE='${SHELL} /home/sharvanath/mistserver/mistserver-1.1.2/missing automake-1.13'
AWK='gawk'
CC='gcc'
CCDEPMODE='depmode=gcc3'
CFLAGS='-g -O2'
CPP='gcc -E'
CPPFLAGS=''
CXX='g++'
CXXCPP='g++ -E'
CXXDEPMODE='depmode=gcc3'
CXXFLAGS='-g -O2'
CYGPATH_W='echo'
DEFS='-DPACKAGE_NAME=\"MistServer\" -DPACKAGE_TARNAME=\"mistserver\" -DPACKAGE_VERSION=\"1.1.2\" -DPACKAGE_STRING=\"MistServer\ 1.1.2\" -DPACKAGE_BUGREPORT=\"contact@ddvtech.com\" -DPACKAGE_URL=\"\" -DPACKAGE=\"mistserver\" -DVERSION=\"1.1.2\" -DSTDC_HEADERS=1 -DHAVE_SYS_TYPES_H=1 -DHAVE_SYS_STAT_H=1 -DHAVE_STDLIB_H=1 -DHAVE_STRING_H=1 -DHAVE_MEMORY_H=1 -DHAVE_STRINGS_H=1 -DHAVE_INTTYPES_H=1 -DHAVE_STDINT_H=1 -DHAVE_UNISTD_H=1 -DHAVE_DLFCN_H=1 -DLT_OBJDIR=\".libs/\" -D_GNU_SOURCE=1 -DHAVE_ARPA_INET_H=1 -DHAVE_FCNTL_H=1 -DHAVE_NETDB_H=1 -DHAVE_NETINET_IN_H=1 -DHAVE_STDINT_H=1 -DHAVE_STDLIB_H=1 -DHAVE_STRING_H=1 -DHAVE_SYS_SOCKET_H=1 -DHAVE_SYS_TIME_H=1 -DHAVE_UNISTD_H=1 -DHAVE__BOOL=1 -DHAVE_STDBOOL_H=1 -DHAVE_FORK=1 -DHAVE_VFORK=1 -DHAVE_WORKING_VFORK=1 -DHAVE_WORKING_FORK=1 -DHAVE_STDLIB_H=1 -DHAVE_MALLOC=1 -DHAVE_STDLIB_H=1 -DHAVE_REALLOC=1 -DHAVE_DUP2=1 -DHAVE_GETTIMEOFDAY=1 -DHAVE_MEMSET=1 -DHAVE_MKDIR=1 -DHAVE_SOCKET=1 -DHAVE_STRERROR=1'
DEPDIR='.deps'
DLLTOOL='false'
DSYMUTIL=''
DUMPBIN=''
ECHO_C=''
ECHO_N='-n'
ECHO_T=''
EGREP='/bin/grep -E'
EXEEXT=''
FGREP='/bin/grep -F'
GREP='/bin/grep'
INSTALL_DATA='${INSTALL} -m 644'
INSTALL_PROGRAM='${INSTALL}'
INSTALL_SCRIPT='${INSTALL}'
INSTALL_STRIP_PROGRAM='$(install_sh) -c -s'
LD='/bin/ld -m elf_x86_64'
LDFLAGS=''
LIBOBJS=''
LIBS=''
LIBTOOL='$(SHELL) $(top_builddir)/libtool'
LIPO=''
LN_S='ln -s'
LTLIBOBJS=''
MAKEINFO='${SHELL} /home/sharvanath/mistserver/mistserver-1.1.2/missing makeinfo'
MANIFEST_TOOL=':'
MIST_CFLAGS='-I/usr/local/include/mist-1.0 -I/usr/local/lib/mist-1.0/include  '
MIST_LIBS='-L/usr/local/lib -lmist-1.0  '
MKDIR_P='/bin/mkdir -p'
NM='/bin/nm -B'
NMEDIT=''
OBJDUMP='objdump'
OBJEXT='o'
OTOOL64=''
OTOOL=''
PACKAGE='mistserver'
PACKAGE_BUGREPORT='contact@ddvtech.com'
PACKAGE_NAME='MistServer'
PACKAGE_STRING='MistServer 1.1.2'
PACKAGE_TARNAME='mistserver'
PACKAGE_URL=''
PACKAGE_VERSION='1.1.2'
PATH_SEPARATOR=':'
PKG_CONFIG='/bin/pkg-config'
PKG_CONFIG_LIBDIR=''
PKG_CONFIG_PATH='/usr/local/lib/pkgconfig'
RANLIB='ranlib'
SED='/bin/sed'
SET_MAKE=''
SHELL='/bin/sh'
STRIP='strip'
VERSION='1.1.2'
ac_ct_AR='ar'
ac_ct_CC='gcc'
ac_ct_CXX='g++'
ac_ct_DUMPBIN=''
am__EXEEXT_FALSE=''
am__EXEEXT_TRUE='#'
am__fastdepCC_FALSE='#'
am__fastdepCC_TRUE=''
am__fastdepCXX_FALSE='#'
am__fastdepCXX_TRUE=''
am__include='include'
am__isrc=''
am__leading_dot='.'
am__nodep='_no'
am__quote=''
am__tar='$${TAR-tar} chof - "$$tardir"'
am__untar='$${TAR-tar} xf -'
bindir='${exec_prefix}/bin'
build='x86_64-unknown-linux-gnu'
build_alias=''
build_cpu='x86_64'
build_os='linux-gnu'
build_vendor='unknown'
datadir='${datarootdir}'
datarootdir='${prefix}/share'
docdir='${datarootdir}/doc/${PACKAGE_TARNAME}'
dvidir='${docdir}'
exec_prefix='${prefix}'
global_CFLAGS='-funsigned-char'
host='x86_64-unknown-linux-gnu'
host_alias=''
host_cpu='x86_64'
host_os='linux-gnu'
host_vendor='unknown'
htmldir='${docdir}'
includedir='${prefix}/include'
infodir='${datarootdir}/info'
install_sh='${SHELL} /home/sharvanath/mistserver/mistserver-1.1.2/install-sh'
libdir='${exec_prefix}/lib'
libexecdir='${exec_prefix}/libexec'
localedir='${datarootdir}/locale'
localstatedir='${prefix}/var'
mandir='${datarootdir}/man'
mkdir_p='$(MKDIR_P)'
oldincludedir='/usr/include'
pdfdir='${docdir}'
prefix='/usr/local'
program_transform_name='s,x,x,'
psdir='${docdir}'
sbindir='${exec_prefix}/sbin'
sharedstatedir='${prefix}/com'
sysconfdir='${prefix}/etc'
target_alias=''

## ----------- ##
## confdefs.h. ##
## ----------- ##

/* confdefs.h */
#define PACKAGE_NAME "MistServer"
#define PACKAGE_TARNAME "mistserver"
#define PACKAGE_VERSION "1.1.2"
#define PACKAGE_STRING "MistServer 1.1.2"
#define PACKAGE_BUGREPORT "contact@ddvtech.com"
#define PACKAGE_URL ""
#define PACKAGE "mistserver"
#define VERSION "1.1.2"
#define STDC_HEADERS 1
#define HAVE_SYS_TYPES_H 1
#define HAVE_SYS_STAT_H 1
#define HAVE_STDLIB_H 1
#define HAVE_STRING_H 1
#define HAVE_MEMORY_H 1
#define HAVE_STRINGS_H 1
#define HAVE_INTTYPES_H 1
#define HAVE_STDINT_H 1
#define HAVE_UNISTD_H 1
#define HAVE_DLFCN_H 1
#define LT_OBJDIR ".libs/"
#define _GNU_SOURCE 1
#define HAVE_ARPA_INET_H 1
#define HAVE_FCNTL_H 1
#define HAVE_NETDB_H 1
#define HAVE_NETINET_IN_H 1
#define HAVE_STDINT_H 1
#define HAVE_STDLIB_H 1
#define HAVE_STRING_H 1
#define HAVE_SYS_SOCKET_H 1
#define HAVE_SYS_TIME_H 1
#define HAVE_UNISTD_H 1
#define HAVE__BOOL 1
#define HAVE_STDBOOL_H 1
#define HAVE_FORK 1
#define HAVE_VFORK 1
#define HAVE_WORKING_VFORK 1
#define HAVE_WORKING_FORK 1
#define HAVE_STDLIB_H 1
#define HAVE_MALLOC 1
#define HAVE_STDLIB_H 1
#define HAVE_REALLOC 1
#define HAVE_DUP2 1
#define HAVE_GETTIMEOFDAY 1
#define HAVE_MEMSET 1
#define HAVE_MKDIR 1
#define HAVE_SOCKET 1
#define HAVE_STRERROR 1

configure: exit 0
